<?xml version="1.0" encoding="UTF-8"?>
<!-- Generated by org.testng.reporters.JUnitXMLReporter -->
<testsuite ignored="0" hostname="DESKTOP-PPTOCDJ" failures="0" tests="3" name="Default test" time="59.899" errors="0" timestamp="2021-07-22T17:23:55 IST">
  <testcase classname="executableclasses.LoginTest" name="chemicalUrlLaunch" time="20.481"/>
  <testcase classname="executableclasses.LoginTest" name="search" time="17.917"/>
  <testcase classname="executableclasses.LoginTest" name="search" time="16.717"/>
</testsuite> <!-- Default test -->
